[20:22:07] [main/INFO]: Loading Minecraft 1.20.4 with Fabric Loader 0.16.9
[20:22:07] [main/INFO]: Loading 4 mods:
	- fabricloader 0.16.9
	   \-- mixinextras 0.4.1
	- java 21
	- minecraft 1.20.4
[20:22:07] [main/INFO]: SpongePowered MIXIN Subsystem Version=0.8.7 Source=file:/workspaces/webo/servidor_minecraft/libraries/net/fabricmc/sponge-mixin/0.15.4+mixin.0.8.7/sponge-mixin-0.15.4+mixin.0.8.7.jar Service=Knot/Fabric Env=SERVER
[20:22:17] [main/INFO]: Environment: Environment[sessionHost=https://sessionserver.mojang.com, servicesHost=https://api.minecraftservices.com, name=PROD]
[20:22:20] [main/INFO]: Loaded 7 recipes
[20:22:20] [main/INFO]: Loaded 1271 advancements
[20:22:21] [Server thread/INFO]: Starting minecraft server version 1.20.4
[20:22:21] [Server thread/INFO]: Loading properties
[20:22:21] [Server thread/INFO]: Default game type: SURVIVAL
[20:22:21] [Server thread/INFO]: Generating keypair
[20:22:22] [Server thread/INFO]: Starting Minecraft server on *:25565
[20:22:22] [Server thread/INFO]: Using epoll channel type
[20:22:22] [Server thread/WARN]: **** SERVER IS RUNNING IN OFFLINE/INSECURE MODE!
[20:22:22] [Server thread/WARN]: The server will make no attempt to authenticate usernames. Beware.
[20:22:22] [Server thread/WARN]: While this makes the game possible to play without internet access, it also opens up the ability for hackers to connect with any username they choose.
[20:22:22] [Server thread/WARN]: To change this, set "online-mode" to "true" in the server.properties file.
[20:22:22] [Server thread/INFO]: Preparing level "world"
[20:22:29] [Server thread/INFO]: Preparing start region for dimension minecraft:overworld
[20:22:33] [Worker-Main-1/INFO]: Preparing spawn area: 0%
[20:22:33] [Worker-Main-1/INFO]: Preparing spawn area: 0%
[20:22:33] [Worker-Main-1/INFO]: Preparing spawn area: 0%
[20:22:33] [Worker-Main-1/INFO]: Preparing spawn area: 0%
[20:22:33] [Worker-Main-1/INFO]: Preparing spawn area: 0%
[20:22:33] [Worker-Main-1/INFO]: Preparing spawn area: 0%
[20:22:33] [Worker-Main-1/INFO]: Preparing spawn area: 0%
[20:22:33] [Worker-Main-1/INFO]: Preparing spawn area: 0%
[20:22:33] [Worker-Main-1/INFO]: Preparing spawn area: 0%
[20:22:34] [Worker-Main-1/INFO]: Preparing spawn area: 0%
[20:22:34] [Worker-Main-1/INFO]: Preparing spawn area: 0%
[20:22:34] [Worker-Main-1/INFO]: Preparing spawn area: 0%
[20:22:35] [Worker-Main-1/INFO]: Preparing spawn area: 0%
[20:22:35] [Worker-Main-1/INFO]: Preparing spawn area: 0%
[20:22:36] [Worker-Main-1/INFO]: Preparing spawn area: 1%
[20:22:37] [Worker-Main-1/INFO]: Preparing spawn area: 3%
[20:22:37] [Worker-Main-1/INFO]: Preparing spawn area: 4%
[20:22:38] [Worker-Main-1/INFO]: Preparing spawn area: 4%
[20:22:38] [Worker-Main-1/INFO]: Preparing spawn area: 5%
[20:22:38] [Worker-Main-1/INFO]: Preparing spawn area: 20%
[20:22:39] [Worker-Main-1/INFO]: Preparing spawn area: 23%
[20:22:39] [Worker-Main-1/INFO]: Preparing spawn area: 30%
[20:22:40] [Worker-Main-1/INFO]: Preparing spawn area: 43%
[20:22:40] [Worker-Main-1/INFO]: Preparing spawn area: 50%
[20:22:41] [Worker-Main-1/INFO]: Preparing spawn area: 53%
